**************************************Physical Plan************************************************ 

 
DupElim 
--Project[*] 
---Hashjoin[L.CKEY = C.CKEY] 
----Hashjoin[L.DKEY = D.DKEY] 
-----Hashjoin[L.SKEY = S.SKEY] 
------Hashjoin[L.PKEY = P.PKEY] 
-------TableScan[LINEORDER] 
-------Select[P.PV <= 6]
--------TableScan[PART] 
------Select[S.SV <> 1]
-------TableScan[SUPPLIER] 
-----Select[D.DV >= 4]
------TableScan[DATE] 
----Select[C.CV >= 38]
-----TableScan[CUSTOMER] 
**************************************Physical Plan************************************************ 

 
DupElim 
--Project[*] 
---Hashjoin[L.PKEY = P.PKEY] 
----Hashjoin[L.DKEY = D.DKEY] 
-----Hashjoin[L.SKEY = S.SKEY] 
------Hashjoin[L.CKEY = C.CKEY] 
-------TableScan[LINEORDER] 
-------Select[C.CV = 14]
--------TableScan[CUSTOMER] 
------Select[S.SV <= 42]
-------TableScan[SUPPLIER] 
-----Select[D.DV <= 37]
------TableScan[DATE] 
----Select[P.PV >= 32]
-----TableScan[PART] 
**************************************Physical Plan************************************************ 

 
DupElim 
--Project[*] 
---Hashjoin[L.CKEY = C.CKEY] 
----Hashjoin[L.DKEY = D.DKEY] 
-----Hashjoin[L.SKEY = S.SKEY] 
------Hashjoin[L.PKEY = P.PKEY] 
-------TableScan[LINEORDER] 
-------Select[P.PV <> 13]
--------TableScan[PART] 
------Select[S.SV >= 9]
-------TableScan[SUPPLIER] 
-----Select[D.DV = 11]
------TableScan[DATE] 
----Select[C.CV <= 18]
-----TableScan[CUSTOMER] 
**************************************Physical Plan************************************************ 

 
DupElim 
--Project[*] 
---Hashjoin[L.CKEY = C.CKEY] 
----Hashjoin[L.DKEY = D.DKEY] 
-----Hashjoin[L.SKEY = S.SKEY] 
------Hashjoin[L.PKEY = P.PKEY] 
-------TableScan[LINEORDER] 
-------Select[P.PV >= 3]
--------TableScan[PART] 
------Select[S.SV >= 45]
-------TableScan[SUPPLIER] 
-----Select[D.DV <> 23]
------TableScan[DATE] 
----Select[C.CV <> 28]
-----TableScan[CUSTOMER] 
**************************************Physical Plan************************************************ 

 
DupElim 
--Project[*] 
---Hashjoin[L.CKEY = C.CKEY] 
----Hashjoin[L.DKEY = D.DKEY] 
-----Hashjoin[L.SKEY = S.SKEY] 
------Hashjoin[L.PKEY = P.PKEY] 
-------TableScan[LINEORDER] 
-------Select[P.PV = 32]
--------TableScan[PART] 
------Select[S.SV <= 34]
-------TableScan[SUPPLIER] 
-----Select[D.DV <> 44]
------TableScan[DATE] 
----Select[C.CV = 16]
-----TableScan[CUSTOMER] 
**************************************Physical Plan************************************************ 

 
DupElim 
--Project[*] 
---Hashjoin[L.CKEY = C.CKEY] 
----Hashjoin[L.DKEY = D.DKEY] 
-----Hashjoin[L.SKEY = S.SKEY] 
------Hashjoin[L.PKEY = P.PKEY] 
-------TableScan[LINEORDER] 
-------Select[P.PV >= 4]
--------TableScan[PART] 
------Select[S.SV <> 37]
-------TableScan[SUPPLIER] 
-----Select[D.DV = 48]
------TableScan[DATE] 
----Select[C.CV <= 17]
-----TableScan[CUSTOMER] 
**************************************Physical Plan************************************************ 

 
DupElim 
--Project[*] 
---Hashjoin[L.CKEY = C.CKEY] 
----Hashjoin[L.DKEY = D.DKEY] 
-----Hashjoin[L.SKEY = S.SKEY] 
------Hashjoin[L.PKEY = P.PKEY] 
-------TableScan[LINEORDER] 
-------Select[P.PV >= 24]
--------TableScan[PART] 
------Select[S.SV >= 25]
-------TableScan[SUPPLIER] 
-----Select[D.DV = 43]
------TableScan[DATE] 
----Select[C.CV <> 34]
-----TableScan[CUSTOMER] 
**************************************Physical Plan************************************************ 

 
DupElim 
--Project[*] 
---Hashjoin[L.PKEY = P.PKEY] 
----Hashjoin[L.DKEY = D.DKEY] 
-----Hashjoin[L.SKEY = S.SKEY] 
------Hashjoin[L.CKEY = C.CKEY] 
-------TableScan[LINEORDER] 
-------Select[C.CV >= 47]
--------TableScan[CUSTOMER] 
------Select[S.SV <> 7]
-------TableScan[SUPPLIER] 
-----Select[D.DV <> 12]
------TableScan[DATE] 
----Select[P.PV <> 21]
-----TableScan[PART] 
**************************************Physical Plan************************************************ 

 
DupElim 
--Project[*] 
---Hashjoin[L.CKEY = C.CKEY] 
----Hashjoin[L.DKEY = D.DKEY] 
-----Hashjoin[L.SKEY = S.SKEY] 
------Hashjoin[L.PKEY = P.PKEY] 
-------TableScan[LINEORDER] 
-------Select[P.PV = 38]
--------TableScan[PART] 
------Select[S.SV <= 24]
-------TableScan[SUPPLIER] 
-----Select[D.DV >= 11]
------TableScan[DATE] 
----Select[C.CV = 48]
-----TableScan[CUSTOMER] 
**************************************Physical Plan************************************************ 

 
DupElim 
--Project[*] 
---Hashjoin[L.CKEY = C.CKEY] 
----Hashjoin[L.DKEY = D.DKEY] 
-----Hashjoin[L.SKEY = S.SKEY] 
------Hashjoin[L.PKEY = P.PKEY] 
-------TableScan[LINEORDER] 
-------Select[P.PV <= 46]
--------TableScan[PART] 
------Select[S.SV <= 50]
-------TableScan[SUPPLIER] 
-----Select[D.DV = 18]
------TableScan[DATE] 
----Select[C.CV <> 41]
-----TableScan[CUSTOMER] 
**************************************Physical Plan************************************************ 

 
DupElim 
--Project[*] 
---Hashjoin[L.CKEY = C.CKEY] 
----Hashjoin[L.DKEY = D.DKEY] 
-----Hashjoin[L.SKEY = S.SKEY] 
------Hashjoin[L.PKEY = P.PKEY] 
-------TableScan[LINEORDER] 
-------Select[P.PV <= 45]
--------TableScan[PART] 
------Select[S.SV <= 13]
-------TableScan[SUPPLIER] 
-----Select[D.DV <= 26]
------TableScan[DATE] 
----Select[C.CV <> 21]
-----TableScan[CUSTOMER] 
**************************************Physical Plan************************************************ 

 
DupElim 
--Project[*] 
---Hashjoin[L.CKEY = C.CKEY] 
----Hashjoin[L.DKEY = D.DKEY] 
-----Hashjoin[L.SKEY = S.SKEY] 
------Hashjoin[L.PKEY = P.PKEY] 
-------TableScan[LINEORDER] 
-------Select[P.PV = 31]
--------TableScan[PART] 
------Select[S.SV <= 15]
-------TableScan[SUPPLIER] 
-----Select[D.DV <= 42]
------TableScan[DATE] 
----Select[C.CV = 12]
-----TableScan[CUSTOMER] 
**************************************Physical Plan************************************************ 

 
DupElim 
--Project[*] 
---Hashjoin[L.CKEY = C.CKEY] 
----Hashjoin[L.DKEY = D.DKEY] 
-----Hashjoin[L.SKEY = S.SKEY] 
------Hashjoin[L.PKEY = P.PKEY] 
-------TableScan[LINEORDER] 
-------Select[P.PV >= 16]
--------TableScan[PART] 
------Select[S.SV <= 19]
-------TableScan[SUPPLIER] 
-----Select[D.DV <> 49]
------TableScan[DATE] 
----Select[C.CV <= 43]
-----TableScan[CUSTOMER] 
**************************************Physical Plan************************************************ 

 
DupElim 
--Project[*] 
---Hashjoin[L.CKEY = C.CKEY] 
----Hashjoin[L.DKEY = D.DKEY] 
-----Hashjoin[L.SKEY = S.SKEY] 
------Hashjoin[L.PKEY = P.PKEY] 
-------TableScan[LINEORDER] 
-------Select[P.PV <> 37]
--------TableScan[PART] 
------Select[S.SV >= 26]
-------TableScan[SUPPLIER] 
-----Select[D.DV = 13]
------TableScan[DATE] 
----Select[C.CV <> 33]
-----TableScan[CUSTOMER] 
**************************************Physical Plan************************************************ 

 
DupElim 
--Project[*] 
---Hashjoin[L.CKEY = C.CKEY] 
----Hashjoin[L.DKEY = D.DKEY] 
-----Hashjoin[L.SKEY = S.SKEY] 
------Hashjoin[L.PKEY = P.PKEY] 
-------TableScan[LINEORDER] 
-------Select[P.PV <> 20]
--------TableScan[PART] 
------Select[S.SV <= 46]
-------TableScan[SUPPLIER] 
-----Select[D.DV = 8]
------TableScan[DATE] 
----Select[C.CV <= 20]
-----TableScan[CUSTOMER] 
**************************************Physical Plan************************************************ 

 
DupElim 
--Project[*] 
---Hashjoin[L.CKEY = C.CKEY] 
----Hashjoin[L.DKEY = D.DKEY] 
-----Hashjoin[L.SKEY = S.SKEY] 
------Hashjoin[L.PKEY = P.PKEY] 
-------TableScan[LINEORDER] 
-------Select[P.PV <= 7]
--------TableScan[PART] 
------Select[S.SV <> 11]
-------TableScan[SUPPLIER] 
-----Select[D.DV >= 3]
------TableScan[DATE] 
----Select[C.CV >= 12]
-----TableScan[CUSTOMER] 
**************************************Physical Plan************************************************ 

 
DupElim 
--Project[*] 
---Hashjoin[L.CKEY = C.CKEY] 
----Hashjoin[L.DKEY = D.DKEY] 
-----Hashjoin[L.SKEY = S.SKEY] 
------Hashjoin[L.PKEY = P.PKEY] 
-------TableScan[LINEORDER] 
-------Select[P.PV <= 12]
--------TableScan[PART] 
------Select[S.SV <= 47]
-------TableScan[SUPPLIER] 
-----Select[D.DV <= 33]
------TableScan[DATE] 
----Select[C.CV <> 14]
-----TableScan[CUSTOMER] 
**************************************Physical Plan************************************************ 

 
DupElim 
--Project[*] 
---Hashjoin[L.CKEY = C.CKEY] 
----Hashjoin[L.DKEY = D.DKEY] 
-----Hashjoin[L.SKEY = S.SKEY] 
------Hashjoin[L.PKEY = P.PKEY] 
-------TableScan[LINEORDER] 
-------Select[P.PV >= 2]
--------TableScan[PART] 
------Select[S.SV >= 3]
-------TableScan[SUPPLIER] 
-----Select[D.DV >= 39]
------TableScan[DATE] 
----Select[C.CV <= 20]
-----TableScan[CUSTOMER] 
**************************************Physical Plan************************************************ 

 
DupElim 
--Project[*] 
---Hashjoin[L.CKEY = C.CKEY] 
----Hashjoin[L.DKEY = D.DKEY] 
-----Hashjoin[L.SKEY = S.SKEY] 
------Hashjoin[L.PKEY = P.PKEY] 
-------TableScan[LINEORDER] 
-------Select[P.PV >= 34]
--------TableScan[PART] 
------Select[S.SV <= 37]
-------TableScan[SUPPLIER] 
-----Select[D.DV = 12]
------TableScan[DATE] 
----Select[C.CV <= 26]
-----TableScan[CUSTOMER] 
**************************************Physical Plan************************************************ 

 
DupElim 
--Project[*] 
---Hashjoin[L.CKEY = C.CKEY] 
----Hashjoin[L.DKEY = D.DKEY] 
-----Hashjoin[L.SKEY = S.SKEY] 
------Hashjoin[L.PKEY = P.PKEY] 
-------TableScan[LINEORDER] 
-------Select[P.PV = 36]
--------TableScan[PART] 
------Select[S.SV >= 12]
-------TableScan[SUPPLIER] 
-----Select[D.DV <= 8]
------TableScan[DATE] 
----Select[C.CV <> 1]
-----TableScan[CUSTOMER] 
